<?xml version="1.0" encoding="UTF-8"?>
<testsuites errors="0" failures="0" tests="7" name="./build/3.1.4_exe-Results.xml" time="0.004578">
  <testsuite errors="0" failures="0" tests="4" name="array_tests" time="0.001078">
    <testcase classname=".array_tests" name="test of create_array()" time="0.000004">
    </testcase>
    <testcase classname=".array_tests" name="test of set_array_node()" time="0.000001">
    </testcase>
    <testcase classname=".array_tests" name="test of print_array()" time="0.000914">
    </testcase>
    <testcase classname=".array_tests" name="test of free_array()" time="0.000002">
    </testcase>
  </testsuite>
  <testsuite errors="0" failures="0" tests="2" name="matrix_tests" time="0.000095">
    <testcase classname=".matrix_tests" name="test of create_matrix()" time="0.000009">
    </testcase>
    <testcase classname=".matrix_tests" name="test of free_matrix()" time="0.000003">
    </testcase>
  </testsuite>
  <testsuite errors="0" failures="0" tests="1" name="cumulative_suite" time="0.003390">
    <testcase classname=".cumulative_suite" name="JQR 3.1.4" time="0.003333">
    </testcase>
  </testsuite>
</testsuites>
